{"timestamp":"2025-11-28T15:26:09Z","claim_id":"CLM-112868","stage":"1_initiation","policy_type":"corporate","claimant_id":"E-70058","provider":"Corp","is_medical":false,"amount":3605.50,"currency":"SGD","latitude":1.352083,"longitude":103.819839,"status":"initiated","notes":"Submitted via portal from Singapore"}
{"timestamp":"2025-11-28T15:26:10Z","claim_id":"CLM-101323","stage":"2_registration","policy_type":"corporate","claimant_id":"E-39446","provider":"Healthcare","is_medical":true,"amount":19820.69,"currency":"EUR","status":"registered","notes":"Claim registered in CMS; assigned to handler"}
{"timestamp":"2025-11-28T15:26:10Z","claim_id":"CLM-101108","stage":"2_registration","policy_type":"corporate","claimant_id":"E-14968","provider":"Clinic","is_medical":true,"amount":2881.77,"currency":"JPY","status":"registered","notes":"Claim registered in CMS; assigned to handler"}
{"timestamp":"2025-11-28T15:26:10Z","claim_id":"CLM-068517","stage":"5_approval","policy_type":"corporate","claimant_id":"E-39121","provider":"Admin","is_medical":true,"amount":15790.61,"currency":"SGD","country_iso":"MX","status":"approved","notes":"Claim fully approved"}
{"timestamp":"2025-11-28T15:26:14Z","claim_id":"CLM-082262","stage":"3_preauthorization","policy_type":"corporate","claimant_id":"E-86140","provider":"TPA","is_medical":true,"amount":8245.85,"currency":"EUR","country_iso":"SG","status":"preauth_approved","notes":"Pre-authorization approved"}
{"timestamp":"2025-11-28T15:26:17Z","claim_id":"CLM-090181","stage":"2_registration","policy_type":"corporate","claimant_id":"E-78713","provider":"Acme","is_medical":false,"amount":806.25,"currency":"","status":"registered","notes":"Claim registered in CMS; assigned to handler"}
{"timestamp":"2025-11-28T15:26:17Z","claim_id":"CLM-081557","stage":"4_assessment","policy_type":"personal","claimant_id":"P-12636","provider":"Hospital","is_medical":false,"amount":746.48,"currency":"","country_iso":"BR","status":"assessment_pass","notes":"Assessment passed"}
{"timestamp":"2025-11-28T15:26:20Z","claim_id":"CLM-112869","stage":"1_initiation","policy_type":"corporate","claimant_id":"E-48146","provider":"HR","is_medical":true,"amount":12799.05,"currency":"GBP","latitude":51.507351,"longitude":-0.127758,"status":"initiated","notes":"Submitted via portal from London"}
{"timestamp":"2025-11-28T15:26:21Z","claim_id":"CLM-085689","stage":"3_preauthorization","policy_type":"personal","claimant_id":"P-98241","provider":"Thomas'","is_medical":true,"amount":7843.09,"currency":"GBP","country_iso":"ZA","status":"preauth_approved","notes":"Pre-authorization approved"}
{"timestamp":"2025-11-28T15:26:21Z","claim_id":"CLM-083866","stage":"3_preauthorization","policy_type":"personal","claimant_id":"P-91356","provider":"TPA","is_medical":true,"amount":4097.14,"currency":"SGD","country_iso":"ZA","status":"preauth_approved","notes":"Pre-authorization approved"}
{"timestamp":"2025-11-28T15:26:24Z","claim_id":"CLM-112870","stage":"1_initiation","policy_type":"personal","claimant_id":"P-48887","provider":"Plus","is_medical":true,"amount":4873.96,"currency":"SGD","latitude":1.352083,"longitude":103.819839,"status":"initiated","notes":"Submitted via portal from Singapore"}
{"timestamp":"2025-11-28T15:26:25Z","claim_id":"CLM-075061","stage":"4_assessment","policy_type":"corporate","claimant_id":"E-22051","provider":"TPA","is_medical":true,"amount":9148.98,"currency":"EUR","country_iso":"FR","status":"assessment_pass","notes":"Assessment passed"}
{"timestamp":"2025-11-28T15:26:25Z","claim_id":"CLM-079113","stage":"7_closure","policy_type":"personal","claimant_id":"P-57780","provider":"Clinic","is_medical":true,"amount":14791.59,"currency":"JPY","country_iso":"GB","status":"closed","notes":"Claim closed after settlement"}
{"timestamp":"2025-11-28T15:26:32Z","claim_id":"CLM-099633","stage":"4_assessment","policy_type":"personal","claimant_id":"P-17500","provider":"Acme","is_medical":false,"amount":3578.85,"currency":"MXN","country_iso":"AU","status":"assessment_pass","notes":"Assessment passed"}
{"timestamp":"2025-11-28T15:26:32Z","claim_id":"CLM-084452","stage":"2_registration","policy_type":"personal","claimant_id":"P-69301","provider":"Clinic","is_medical":true,"amount":9367.93,"currency":"BRL","status":"registered","notes":"Claim registered in CMS; assigned to handler"}
{"timestamp":"2025-11-28T15:26:32Z","claim_id":"CLM-056556","stage":"7_closure","policy_type":"personal","claimant_id":"P-77309","provider":"Thomas'","is_medical":true,"amount":15888.76,"currency":"EUR","country_iso":"CA","status":"closed","notes":"Claim closed after settlement"}
{"timestamp":"2025-11-28T15:26:36Z","claim_id":"CLM-112871","stage":"1_initiation","policy_type":"corporate","claimant_id":"E-62193","provider":"Corp","is_medical":false,"amount":3451.02,"currency":"SGD","latitude":1.352083,"longitude":103.819839,"status":"initiated","notes":"Submitted via portal from Singapore"}
{"timestamp":"2025-11-28T15:26:36Z","claim_id":"CLM-079226","stage":"7_closure","policy_type":"personal","claimant_id":"P-12854","provider":"TPA","is_medical":true,"amount":11063.88,"currency":"EUR","country_iso":"BR","status":"closed","notes":"Claim closed after settlement"}
{"timestamp":"2025-11-28T15:26:39Z","claim_id":"CLM-112872","stage":"1_initiation","policy_type":"personal","claimant_id":"P-38355","provider":"Sinai","is_medical":false,"amount":2530.46,"currency":"","latitude":,"longitude":,"status":"initiated","notes":"Submitted via portal from New"}
{"timestamp":"2025-11-28T15:26:39Z","claim_id":"CLM-074769","stage":"5_approval","policy_type":"personal","claimant_id":"P-76087","provider":"City","is_medical":false,"amount":991.48,"currency":"CAD","country_iso":"DE","status":"approved","notes":"Claim fully approved"}
{"timestamp":"2025-11-28T15:26:46Z","claim_id":"CLM-112873","stage":"1_initiation","policy_type":"personal","claimant_id":"P-41516","provider":"Wellness","is_medical":false,"amount":2944.67,"currency":"CAD","latitude":43.653225,"longitude":-79.383186,"status":"initiated","notes":"Submitted via portal from Toronto"}
{"timestamp":"2025-11-28T15:26:46Z","claim_id":"CLM-094511","stage":"3_preauthorization","policy_type":"corporate","claimant_id":"E-19197","provider":"Hospital","is_medical":true,"amount":484.05,"currency":"INR","country_iso":"SG","status":"preauth_denied","notes":"Pre-authorization denied due to coverage limits"}
{"timestamp":"2025-11-28T15:26:46Z","claim_id":"CLM-101304","stage":"2_registration","policy_type":"personal","claimant_id":"P-81375","provider":"HR","is_medical":false,"amount":779.01,"currency":"MXN","status":"registered","notes":"Claim registered in CMS; assigned to handler"}
{"timestamp":"2025-11-28T15:26:46Z","claim_id":"CLM-070544","stage":"5_approval","policy_type":"personal","claimant_id":"P-16091","provider":"Hospital","is_medical":true,"amount":7646.37,"currency":"","country_iso":"DE","status":"approved","notes":"Claim fully approved"}